{
  "RSpec": {
    "coverage": {
      "/home/mint/Documents/ToDoList/todo-list-api/spec/support/helpers/user_auth_helper.rb": {
        "lines": [
          1,
          1,
          1,
          1,
          null,
          1,
          1,
          null,
          null,
          1,
          1,
          null,
          null,
          1,
          null,
          1,
          2,
          null,
          null,
          null
        ],
        "branches": {
        }
      },
      "/home/mint/Documents/ToDoList/todo-list-api/spec/requests/api/v1/projects_spec.rb": {
        "lines": [
          1,
          null,
          1,
          1,
          1,
          1,
          1,
          1,
          null,
          1,
          2,
          null,
          1,
          1,
          null,
          null,
          null,
          1,
          2,
          null,
          1,
          1,
          null,
          null,
          null,
          null,
          null,
          null,
          null,
          null,
          null,
          null,
          null,
          null
        ],
        "branches": {
        }
      },
      "/home/mint/Documents/ToDoList/todo-list-api/spec/swagger_helper.rb": {
        "lines": [
          null,
          null,
          1,
          null,
          1,
          null,
          null,
          null,
          1,
          null,
          null,
          null,
          null,
          null,
          null,
          null,
          1,
          null,
          null,
          null,
          null,
          null,
          null,
          null,
          null,
          null,
          null,
          null,
          null,
          null,
          null,
          null,
          null,
          null,
          null,
          null,
          null,
          null,
          null,
          null,
          null,
          1,
          null
        ],
        "branches": {
        }
      },
      "/home/mint/Documents/ToDoList/todo-list-api/app/models/user.rb": {
        "lines": [
          1,
          1,
          null,
          1,
          1,
          1,
          1,
          null,
          1,
          null,
          1,
          1,
          1,
          1,
          1,
          null
        ],
        "branches": {
        }
      },
      "/home/mint/Documents/ToDoList/todo-list-api/app/models/application_record.rb": {
        "lines": [
          1,
          1,
          null
        ],
        "branches": {
        }
      },
      "/home/mint/Documents/ToDoList/todo-list-api/app/controllers/api/v1/sessions_controller.rb": {
        "lines": [
          1,
          1,
          1,
          null,
          null,
          1,
          2,
          1,
          1,
          null,
          null,
          null,
          1,
          null,
          null,
          null,
          1,
          0,
          0,
          null,
          null,
          1,
          null,
          1,
          4,
          null,
          null,
          null,
          null
        ],
        "branches": {
          "[:\"&.\", 0, 7, 11, 7, 52]": {
            "[:then, 1, 7, 11, 7, 52]": 2,
            "[:else, 2, 7, 11, 7, 52]": 0
          },
          "[:if, 3, 7, 8, 14, 11]": {
            "[:then, 4, 8, 10, 11, 96]": 1,
            "[:else, 5, 13, 10, 13, 101]": 1
          }
        }
      },
      "/home/mint/Documents/ToDoList/todo-list-api/app/controllers/base_controller.rb": {
        "lines": [
          1,
          1,
          null,
          1,
          null,
          1,
          3,
          null,
          null,
          1,
          0,
          null,
          null,
          1,
          0,
          null,
          null,
          1,
          0,
          null,
          null
        ],
        "branches": {
          "[:if, 0, 7, 4, 7, 53]": {
            "[:then, 1, 7, 4, 7, 32]": 2,
            "[:else, 2, 7, 4, 7, 53]": 1
          },
          "[:if, 3, 15, 4, 15, 105]": {
            "[:then, 4, 15, 4, 15, 91]": 0,
            "[:else, 5, 15, 4, 15, 105]": 0
          }
        }
      },
      "/home/mint/Documents/ToDoList/todo-list-api/app/controllers/api/v1/projects_controller.rb": {
        "lines": [
          1,
          1,
          1,
          1,
          null,
          1,
          1,
          1,
          null,
          null,
          1,
          0,
          null,
          null,
          1,
          0,
          null,
          0,
          0,
          null,
          0,
          null,
          null,
          0,
          null,
          null,
          1,
          0,
          0,
          null,
          0,
          null,
          null,
          0,
          null,
          null,
          1,
          0,
          null,
          null,
          1,
          null,
          1,
          0,
          null,
          null,
          1,
          0,
          null,
          null,
          null,
          null
        ],
        "branches": {
          "[:if, 0, 18, 19, 22, 22]": {
            "[:then, 1, 19, 21, 19, 89]": 0,
            "[:else, 2, 21, 21, 21, 89]": 0
          },
          "[:if, 3, 28, 19, 32, 22]": {
            "[:then, 4, 29, 21, 29, 84]": 0,
            "[:else, 5, 31, 21, 31, 89]": 0
          }
        }
      },
      "/home/mint/Documents/ToDoList/todo-list-api/app/controllers/authorized_controller.rb": {
        "lines": [
          1,
          1,
          null,
          1,
          2,
          null,
          null
        ],
        "branches": {
          "[:unless, 0, 5, 4, 5, 118]": {
            "[:else, 1, 5, 4, 5, 118]": 1,
            "[:then, 2, 5, 4, 5, 98]": 1
          }
        }
      },
      "/home/mint/Documents/ToDoList/todo-list-api/app/models/project.rb": {
        "lines": [
          1,
          1,
          1,
          null,
          1,
          1,
          null,
          1,
          0,
          null,
          0,
          null,
          null
        ],
        "branches": {
          "[:if, 0, 11, 4, 11, 64]": {
            "[:then, 1, 11, 4, 11, 38]": 0,
            "[:else, 2, 11, 4, 11, 64]": 0
          }
        }
      },
      "/home/mint/Documents/ToDoList/todo-list-api/app/serializers/api/v1/project_serializer.rb": {
        "lines": [
          1,
          1,
          1,
          1,
          1,
          1,
          null,
          null,
          null
        ],
        "branches": {
        }
      },
      "/home/mint/Documents/ToDoList/todo-list-api/app/serializers/api/v1/application_serializer.rb": {
        "lines": [
          1,
          1,
          1,
          1,
          null,
          null,
          null
        ],
        "branches": {
        }
      },
      "/home/mint/Documents/ToDoList/todo-list-api/app/serializers/api/v1/user_serializer.rb": {
        "lines": [
          1,
          1,
          1,
          1,
          1,
          null,
          null,
          null
        ],
        "branches": {
        }
      }
    },
    "timestamp": 1658524861
  }
}
